GROUP,PACKAGE,CLASS,INSTRUCTION_MISSED,INSTRUCTION_COVERED,BRANCH_MISSED,BRANCH_COVERED,LINE_MISSED,LINE_COVERED,COMPLEXITY_MISSED,COMPLEXITY_COVERED,METHOD_MISSED,METHOD_COVERED
OpenHFT/Chronicle-Decentred,net.openhft.chronicle.decentred.remote.rpc,RPCClient.ClientListener,11,20,2,0,4,5,1,2,0,2
OpenHFT/Chronicle-Decentred,net.openhft.chronicle.decentred.remote.rpc,RPCServer.XCLConnectionListener,11,25,2,0,4,8,1,2,0,2
OpenHFT/Chronicle-Decentred,net.openhft.chronicle.decentred.remote.rpc,RPCServer,111,250,3,7,21,58,8,12,5,10
OpenHFT/Chronicle-Decentred,net.openhft.chronicle.decentred.remote.rpc,RPCClient,27,125,1,3,10,30,6,7,5,6
OpenHFT/Chronicle-Decentred,net.openhft.chronicle.decentred.remote.rpc,RPCServer.ServerInvocationHandler,6,33,3,3,0,8,3,3,0,3
OpenHFT/Chronicle-Decentred,net.openhft.chronicle.decentred.remote.rpc,RPCClient.new AbstractMethodWriterInvocationHandler() {...},6,28,3,3,0,5,3,3,0,3
OpenHFT/Chronicle-Decentred,net.openhft.chronicle.decentred.util,KolobokeIntObjMap,450,257,63,21,110,63,55,23,15,21
OpenHFT/Chronicle-Decentred,net.openhft.chronicle.decentred.util,AddressLongConverter,0,10,0,0,0,4,0,3,0,3
OpenHFT/Chronicle-Decentred,net.openhft.chronicle.decentred.util,KolobokeIntObjMap.Support,3,0,0,0,1,0,1,0,1,0
OpenHFT/Chronicle-Decentred,net.openhft.chronicle.decentred.util,LongU32Writer,0,18,0,0,0,5,0,3,0,3
OpenHFT/Chronicle-Decentred,net.openhft.chronicle.decentred.util,IntObjMap,43,16,3,1,10,5,5,2,3,2
OpenHFT/Chronicle-Decentred,net.openhft.chronicle.decentred.util,LongLongMap,32,20,3,1,9,5,5,3,3,3
OpenHFT/Chronicle-Decentred,net.openhft.chronicle.decentred.util,DtoParselet,39,76,0,0,5,20,1,4,1,4
OpenHFT/Chronicle-Decentred,net.openhft.chronicle.decentred.util,KolobokeLongLongMap.Support,3,0,0,0,1,0,1,0,1,0
OpenHFT/Chronicle-Decentred,net.openhft.chronicle.decentred.util,KolobokeLongDoubleMap,610,0,68,0,134,0,61,0,27,0
OpenHFT/Chronicle-Decentred,net.openhft.chronicle.decentred.util,KolobokeLongObjMap,544,315,79,27,128,82,59,32,12,26
OpenHFT/Chronicle-Decentred,net.openhft.chronicle.decentred.util,VanillaDtoRegistry,55,205,6,10,8,42,6,12,0,10
OpenHFT/Chronicle-Decentred,net.openhft.chronicle.decentred.util,KeyPair,16,68,0,2,3,17,1,3,1,2
OpenHFT/Chronicle-Decentred,net.openhft.chronicle.decentred.util,VanillaPublicKeyRegistry,25,22,4,0,6,6,4,3,2,3
OpenHFT/Chronicle-Decentred,net.openhft.chronicle.decentred.util,KolobokeLongObjMap.Support,3,0,0,0,1,0,1,0,1,0
OpenHFT/Chronicle-Decentred,net.openhft.chronicle.decentred.util,OffsetIntConverter,13,3,0,0,4,1,2,1,2,1
OpenHFT/Chronicle-Decentred,net.openhft.chronicle.decentred.util,DtoRegistry,8,5,0,0,1,1,1,1,1,1
OpenHFT/Chronicle-Decentred,net.openhft.chronicle.decentred.util,KolobokeLongDoubleMap.Support,3,0,0,0,1,0,1,0,1,0
OpenHFT/Chronicle-Decentred,net.openhft.chronicle.decentred.util,DecentredUtil,30,226,1,13,3,47,1,20,0,13
OpenHFT/Chronicle-Decentred,net.openhft.chronicle.decentred.util,LongObjMap,37,13,2,0,9,4,4,2,3,2
OpenHFT/Chronicle-Decentred,net.openhft.chronicle.decentred.util,VanillaDtoParser,53,74,2,2,4,20,2,4,0,4
OpenHFT/Chronicle-Decentred,net.openhft.chronicle.decentred.util,LetterBase32,25,148,1,9,5,34,2,7,1,3
OpenHFT/Chronicle-Decentred,net.openhft.chronicle.decentred.util,SmallIntObjMap,161,0,18,0,35,0,17,0,8,0
OpenHFT/Chronicle-Decentred,net.openhft.chronicle.decentred.util,KolobokeLongLongMap,289,335,38,36,69,76,40,32,13,22
OpenHFT/Chronicle-Decentred,net.openhft.chronicle.decentred.util,LongDoubleMap,8,0,0,0,2,0,2,0,2,0
OpenHFT/Chronicle-Decentred,net.openhft.chronicle.decentred.api,AddressManagementResponses,13,0,0,0,2,0,1,0,1,0
OpenHFT/Chronicle-Decentred,net.openhft.chronicle.decentred.api,MessageRouter,0,4,0,0,0,1,0,1,0,1
OpenHFT/Chronicle-Decentred,net.openhft.chronicle.decentred.api,BlockchainPhase,0,34,0,0,0,2,0,1,0,1
OpenHFT/Chronicle-Decentred,net.openhft.chronicle.decentred.api,ConnectionStatusListener,26,0,0,0,4,0,2,0,2,0
OpenHFT/Chronicle-Decentred,net.openhft.chronicle.decentred.api,SystemMessageListener,13,0,0,0,2,0,1,0,1,0
OpenHFT/Chronicle-Decentred,net.openhft.chronicle.decentred.dto,CreateChainRequest,16,3,0,0,6,1,4,1,4,1
OpenHFT/Chronicle-Decentred,net.openhft.chronicle.decentred.dto,EndOfRoundBlockEvent,86,72,4,2,23,18,9,10,7,9
OpenHFT/Chronicle-Decentred,net.openhft.chronicle.decentred.dto,CreateTokenRequest,0,3,0,0,0,1,0,1,0,1
OpenHFT/Chronicle-Decentred,net.openhft.chronicle.decentred.dto,AssignDelegatesRequest,11,0,0,0,4,0,3,0,3,0
OpenHFT/Chronicle-Decentred,net.openhft.chronicle.decentred.dto,DtoAliases,0,49,0,0,0,4,0,2,0,2
OpenHFT/Chronicle-Decentred,net.openhft.chronicle.decentred.dto,TransactionBlockGossipEvent,6,183,6,14,0,44,6,17,0,13
OpenHFT/Chronicle-Decentred,net.openhft.chronicle.decentred.dto,VerificationEvent,0,71,0,0,0,18,0,6,0,6
OpenHFT/Chronicle-Decentred,net.openhft.chronicle.decentred.dto,TransactionBlockEvent,39,290,9,17,5,74,8,24,1,18
OpenHFT/Chronicle-Decentred,net.openhft.chronicle.decentred.dto,CreateAddressRequest,0,3,0,0,0,1,0,1,0,1
OpenHFT/Chronicle-Decentred,net.openhft.chronicle.decentred.dto,InvalidationEvent,0,3,0,0,0,1,0,1,0,1
OpenHFT/Chronicle-Decentred,net.openhft.chronicle.decentred.dto,VanillaSignedMessage,57,400,18,20,8,95,21,26,4,24
OpenHFT/Chronicle-Decentred,net.openhft.chronicle.decentred.dto,SelfSignedMessage,6,38,3,3,0,10,3,5,0,5
OpenHFT/Chronicle-Decentred,net.openhft.chronicle.decentred.dto,CreateAddressEvent,9,19,3,3,1,4,4,3,1,3
OpenHFT/Chronicle-Decentred,net.openhft.chronicle.decentred.dto,TransactionBlockVoteEvent,0,23,0,2,0,6,0,5,0,4
OpenHFT/Chronicle-Decentred,net.openhft.chronicle.decentred.dto,ApplicationErrorResponse,26,22,7,3,5,5,8,3,3,3
OpenHFT/Chronicle-Decentred,net.openhft.chronicle.decentred.dto,TransactionBlockEvent.new AbstractMethodWriterInvocationHandler() {...},0,17,0,0,0,3,0,2,0,2
OpenHFT/Chronicle-Decentred,net.openhft.chronicle.decentred.remote.net,AbstractTCPConnection,170,186,28,18,28,46,22,12,2,9
OpenHFT/Chronicle-Decentred,net.openhft.chronicle.decentred.remote.net,VanillaTCPServer,3,91,2,2,2,25,2,4,0,4
OpenHFT/Chronicle-Decentred,net.openhft.chronicle.decentred.remote.net,TCPClientListener,0,2,0,0,0,2,0,2,0,2
OpenHFT/Chronicle-Decentred,net.openhft.chronicle.decentred.remote.net,VanillaTCPClient,28,128,7,9,11,39,6,8,0,6
OpenHFT/Chronicle-Decentred,net.openhft.chronicle.decentred.remote.net,TCPServerConnectionListener,0,8,0,0,0,3,0,3,0,3
OpenHFT/Chronicle-Decentred,net.openhft.chronicle.decentred.remote.net,VanillaTCPServerConnection,26,52,3,1,7,16,3,5,1,5
OpenHFT/Chronicle-Decentred,net.openhft.chronicle.decentred.server,VanillaGossiper,18,146,6,12,2,33,6,9,0,6
OpenHFT/Chronicle-Decentred,net.openhft.chronicle.decentred.server,VanillaVerifyIP,0,87,0,4,0,21,0,7,0,5
OpenHFT/Chronicle-Decentred,net.openhft.chronicle.decentred.server,VanillaVoteTaker,10,138,5,11,0,31,5,9,0,6
OpenHFT/Chronicle-Decentred,net.openhft.chronicle.decentred.server,VanillaVoter,0,101,0,6,0,23,0,7,0,4
OpenHFT/Chronicle-Decentred,net.openhft.chronicle.decentred.server,VanillaBlockEngine,60,367,10,20,18,70,17,19,7,14
OpenHFT/Chronicle-Decentred,net.openhft.chronicle.decentred.server,VanillaChainer,67,0,2,0,18,0,4,0,3,0
OpenHFT/Chronicle-Decentred,net.openhft.chronicle.decentred.server,QueuingChainer,0,80,0,2,0,21,0,4,0,3
OpenHFT/Chronicle-Decentred,net.openhft.chronicle.decentred.server,MultiMessageToListener,48,0,2,0,10,0,4,0,3,0
OpenHFT/Chronicle-Decentred,net.openhft.chronicle.decentred.server,VanillaGateway,106,186,11,7,22,53,13,17,5,16
OpenHFT/Chronicle-Decentred,net.openhft.chronicle.decentred.server,RPCBuilder,79,188,10,8,21,43,21,10,12,10
OpenHFT/Chronicle-Decentred,net.openhft.chronicle.decentred.server,VanillaTransactionProcessor,28,26,0,0,7,11,7,6,7,6
OpenHFT/Chronicle-Decentred,net.openhft.chronicle.decentred.server,SingleMessageToListener,206,0,14,0,52,0,14,0,7,0
OpenHFT/Chronicle-Decentred,net.openhft.chronicle.decentred.server,VanillaBlockReplayer,29,209,3,13,5,48,3,13,0,8
OpenHFT/Chronicle-Decentred,net.openhft.chronicle.decentred.server,VanillaBlockReplayer.TransactionLog,46,63,3,5,3,14,3,6,0,5
